[HEAD] http://localhost:8010/viewer/assets/vrm/default.vrm => [200] OK
[GET] http://localhost:8010/api/suitspecs => [200] OK
[HEAD] http://localhost:8010/viewer/assets/vrm/default.vrm => [200] OK
[GET] http://localhost:8010/api/suitspec?path=examples%2Fsuitspec.sample.json => [200] OK
[GET] http://localhost:8010/viewer/assets/meshes/helmet.mesh.json => [200] OK
[GET] http://localhost:8010/viewer/assets/meshes/chest.mesh.json => [200] OK
[GET] http://localhost:8010/viewer/assets/meshes/back.mesh.json => [200] OK
[GET] http://localhost:8010/viewer/assets/meshes/left_shoulder.mesh.json => [200] OK
[GET] http://localhost:8010/viewer/assets/meshes/right_shoulder.mesh.json => [200] OK
[GET] http://localhost:8010/viewer/assets/meshes/left_upperarm.mesh.json => [200] OK
[GET] http://localhost:8010/viewer/assets/meshes/right_upperarm.mesh.json => [200] OK
[GET] http://localhost:8010/viewer/assets/meshes/left_forearm.mesh.json => [200] OK
[GET] http://localhost:8010/viewer/assets/meshes/right_forearm.mesh.json => [200] OK
[GET] http://localhost:8010/viewer/assets/meshes/waist.mesh.json => [200] OK
[GET] http://localhost:8010/viewer/assets/meshes/left_thigh.mesh.json => [200] OK
[GET] http://localhost:8010/viewer/assets/meshes/right_thigh.mesh.json => [200] OK
[GET] http://localhost:8010/viewer/assets/meshes/left_shin.mesh.json => [200] OK
[GET] http://localhost:8010/viewer/assets/meshes/right_shin.mesh.json => [200] OK
[GET] http://localhost:8010/viewer/assets/meshes/left_boot.mesh.json => [200] OK
[GET] http://localhost:8010/viewer/assets/meshes/right_boot.mesh.json => [200] OK
[GET] http://localhost:8010/viewer/assets/meshes/left_hand.mesh.json => [200] OK
[GET] http://localhost:8010/viewer/assets/meshes/right_hand.mesh.json => [200] OK
[GET] http://localhost:8010/viewer/assets/meshes/helmet.mesh.json => [200] OK
[HEAD] http://localhost:8010/viewer/assets/vrm/default.vrm => [200] OK
[HEAD] http://localhost:8010/viewer/assets/vrm/default.vrm => [200] OK
[GET] http://localhost:8010/viewer/assets/vrm/default.vrm => [200] OK
[GET] blob:http://localhost:8010/55ae22a0-4dd1-4963-8895-ed533b863e4b => [200] OK
[GET] blob:http://localhost:8010/274d350d-577b-43b0-95be-8e45f46da68e => [200] OK